2015-02-07 11:23:16 Error: [MissingControllerException] Controller class UsersController could not be found.
Exception Attributes: array (
  'class' => 'UsersController',
  'plugin' => NULL,
)
Request URL: /iskcon/legacy/users
Stack Trace:
#0 C:\wamp\www\iskcon\legacy\app\webroot\index.php(109): Dispatcher->dispatch(Object(CakeRequest), Object(CakeResponse))
#1 {main}
2015-02-07 11:38:36 Error: [PDOException] SQLSTATE[42000]: Syntax error or access violation: 1066 Not unique table/alias: 'User'
Request URL: /iskcon/legacy/users
Stack Trace:
#0 C:\wamp\www\iskcon\legacy\lib\Cake\Model\Datasource\DboSource.php(460): PDOStatement->execute(Array)
#1 C:\wamp\www\iskcon\legacy\lib\Cake\Model\Datasource\DboSource.php(426): DboSource->_execute('SELECT `User`.`...', Array)
#2 C:\wamp\www\iskcon\legacy\lib\Cake\Model\Datasource\DboSource.php(668): DboSource->execute('SELECT `User`.`...', Array, Array)
#3 C:\wamp\www\iskcon\legacy\lib\Cake\Model\Datasource\DboSource.php(1106): DboSource->fetchAll('SELECT `User`.`...', false)
#4 C:\wamp\www\iskcon\legacy\lib\Cake\Model\Model.php(3018): DboSource->read(Object(User), Array)
#5 C:\wamp\www\iskcon\legacy\lib\Cake\Model\Model.php(2990): Model->_readDataSource('all', Array)
#6 C:\wamp\www\iskcon\legacy\lib\Cake\Controller\Component\PaginatorComponent.php(196): Model->find('all', Array)
#7 C:\wamp\www\iskcon\legacy\app\Controller\UsersController.php(25): PaginatorComponent->paginate()
#8 [internal function]: UsersController->index()
#9 C:\wamp\www\iskcon\legacy\lib\Cake\Controller\Controller.php(490): ReflectionMethod->invokeArgs(Object(UsersController), Array)
#10 C:\wamp\www\iskcon\legacy\lib\Cake\Routing\Dispatcher.php(193): Controller->invokeAction(Object(CakeRequest))
#11 C:\wamp\www\iskcon\legacy\lib\Cake\Routing\Dispatcher.php(167): Dispatcher->_invoke(Object(UsersController), Object(CakeRequest))
#12 C:\wamp\www\iskcon\legacy\app\webroot\index.php(109): Dispatcher->dispatch(Object(CakeRequest), Object(CakeResponse))
#13 {main}
2015-02-07 11:42:13 Error: Fatal Error (1): Call to a member function find() on a non-object in [C:\wamp\www\iskcon\legacy\app\Controller\UsersController.php, line 58]
2015-02-07 11:42:13 Error: [FatalErrorException] Call to a member function find() on a non-object
Request URL: /iskcon/legacy/users/add
Stack Trace:
#0 C:\wamp\www\iskcon\legacy\lib\Cake\Error\ErrorHandler.php(203): ErrorHandler::handleFatalError(1, 'Call to a membe...', 'C:\wamp\www\isk...', 58)
#1 [internal function]: ErrorHandler::handleError(1, 'Call to a membe...', 'C:\wamp\www\isk...', 58, Array)
#2 C:\wamp\www\iskcon\legacy\lib\Cake\Core\App.php(931): call_user_func('ErrorHandler::h...', 1, 'Call to a membe...', 'C:\wamp\www\isk...', 58, Array)
#3 C:\wamp\www\iskcon\legacy\lib\Cake\Core\App.php(904): App::_checkFatalError()
#4 [internal function]: App::shutdown()
#5 {main}
2015-02-07 11:43:36 Error: [PDOException] SQLSTATE[23000]: Integrity constraint violation: 1048 Column 'status' cannot be null
Request URL: /iskcon/legacy/users/add
Stack Trace:
#0 C:\wamp\www\iskcon\legacy\lib\Cake\Model\Datasource\DboSource.php(460): PDOStatement->execute(Array)
#1 C:\wamp\www\iskcon\legacy\lib\Cake\Model\Datasource\DboSource.php(426): DboSource->_execute('INSERT INTO `le...', Array)
#2 C:\wamp\www\iskcon\legacy\lib\Cake\Model\Datasource\DboSource.php(1012): DboSource->execute('INSERT INTO `le...')
#3 C:\wamp\www\iskcon\legacy\lib\Cake\Model\Model.php(1924): DboSource->create(Object(AppModel), Array, Array)
#4 C:\wamp\www\iskcon\legacy\lib\Cake\Model\Model.php(1747): Model->_doSave(Array, Array)
#5 C:\wamp\www\iskcon\legacy\app\Controller\UsersController.php(51): Model->save(Array)
#6 [internal function]: UsersController->add()
#7 C:\wamp\www\iskcon\legacy\lib\Cake\Controller\Controller.php(490): ReflectionMethod->invokeArgs(Object(UsersController), Array)
#8 C:\wamp\www\iskcon\legacy\lib\Cake\Routing\Dispatcher.php(193): Controller->invokeAction(Object(CakeRequest))
#9 C:\wamp\www\iskcon\legacy\lib\Cake\Routing\Dispatcher.php(167): Dispatcher->_invoke(Object(UsersController), Object(CakeRequest))
#10 C:\wamp\www\iskcon\legacy\app\webroot\index.php(109): Dispatcher->dispatch(Object(CakeRequest), Object(CakeResponse))
#11 {main}
2015-02-07 11:46:48 Error: [MissingControllerException] Controller class UsersController could not be found.
Exception Attributes: array (
  'class' => 'UsersController',
  'plugin' => NULL,
)
Request URL: /iskcon/legacy/users
Stack Trace:
#0 C:\wamp\www\iskcon\legacy\app\webroot\index.php(109): Dispatcher->dispatch(Object(CakeRequest), Object(CakeResponse))
#1 {main}
2015-02-07 11:50:35 Error: [MissingActionException] Action UsersController::index() could not be found.
Exception Attributes: array (
  'controller' => 'UsersController',
  'action' => 'index',
)
Request URL: /iskcon/legacy/users
Stack Trace:
#0 C:\wamp\www\iskcon\legacy\lib\Cake\Routing\Dispatcher.php(193): Controller->invokeAction(Object(CakeRequest))
#1 C:\wamp\www\iskcon\legacy\lib\Cake\Routing\Dispatcher.php(167): Dispatcher->_invoke(Object(UsersController), Object(CakeRequest))
#2 C:\wamp\www\iskcon\legacy\app\webroot\index.php(109): Dispatcher->dispatch(Object(CakeRequest), Object(CakeResponse))
#3 {main}
2015-02-07 11:53:12 Error: [MissingActionException] Action UsersController::add() could not be found.
Exception Attributes: array (
  'controller' => 'UsersController',
  'action' => 'add',
)
Request URL: /iskcon/legacy/users/add
Stack Trace:
#0 C:\wamp\www\iskcon\legacy\lib\Cake\Routing\Dispatcher.php(193): Controller->invokeAction(Object(CakeRequest))
#1 C:\wamp\www\iskcon\legacy\lib\Cake\Routing\Dispatcher.php(167): Dispatcher->_invoke(Object(UsersController), Object(CakeRequest))
#2 C:\wamp\www\iskcon\legacy\app\webroot\index.php(109): Dispatcher->dispatch(Object(CakeRequest), Object(CakeResponse))
#3 {main}
2015-02-07 14:40:10 Error: Fatal Error (1): Class 'Controller' not found in [C:\wamp\www\iskcon\legacy\app\Controller\AppController.php, line 25]
2015-02-07 14:40:10 Error: [FatalErrorException] Class 'Controller' not found
Request URL: /iskcon/legacy/users/login
Stack Trace:
#0 C:\wamp\www\iskcon\legacy\lib\Cake\Error\ErrorHandler.php(203): ErrorHandler::handleFatalError(1, 'Class 'Controll...', 'C:\wamp\www\isk...', 25)
#1 [internal function]: ErrorHandler::handleError(1, 'Class 'Controll...', 'C:\wamp\www\isk...', 25, Array)
#2 C:\wamp\www\iskcon\legacy\lib\Cake\Core\App.php(931): call_user_func('ErrorHandler::h...', 1, 'Class 'Controll...', 'C:\wamp\www\isk...', 25, Array)
#3 C:\wamp\www\iskcon\legacy\lib\Cake\Core\App.php(904): App::_checkFatalError()
#4 [internal function]: App::shutdown()
#5 {main}
2015-02-07 14:40:31 Error: [MissingActionException] Action UsersController::login() could not be found.
Exception Attributes: array (
  'controller' => 'UsersController',
  'action' => 'login',
)
Request URL: /iskcon/legacy/users/login
Stack Trace:
#0 C:\wamp\www\iskcon\legacy\lib\Cake\Routing\Dispatcher.php(193): Controller->invokeAction(Object(CakeRequest))
#1 C:\wamp\www\iskcon\legacy\lib\Cake\Routing\Dispatcher.php(167): Dispatcher->_invoke(Object(UsersController), Object(CakeRequest))
#2 C:\wamp\www\iskcon\legacy\app\webroot\index.php(109): Dispatcher->dispatch(Object(CakeRequest), Object(CakeResponse))
#3 {main}
2015-02-07 14:52:01 Error: [CakeException] Missing field name for FormHelper::__reset
Request URL: /iskcon/legacy/users/login
Stack Trace:
#0 C:\wamp\www\iskcon\legacy\app\View\Users\Login.ctp(28): FormHelper->__call('__reset', Array)
#1 C:\wamp\www\iskcon\legacy\app\View\Users\Login.ctp(28): FormHelper->__reset()
#2 C:\wamp\www\iskcon\legacy\lib\Cake\View\View.php(961): include('C:\wamp\www\isk...')
#3 C:\wamp\www\iskcon\legacy\lib\Cake\View\View.php(923): View->_evaluate('C:\wamp\www\isk...', Array)
#4 C:\wamp\www\iskcon\legacy\lib\Cake\View\View.php(473): View->_render('C:\wamp\www\isk...')
#5 C:\wamp\www\iskcon\legacy\lib\Cake\Controller\Controller.php(959): View->render(NULL, NULL)
#6 C:\wamp\www\iskcon\legacy\lib\Cake\Routing\Dispatcher.php(200): Controller->render()
#7 C:\wamp\www\iskcon\legacy\lib\Cake\Routing\Dispatcher.php(167): Dispatcher->_invoke(Object(UsersController), Object(CakeRequest))
#8 C:\wamp\www\iskcon\legacy\app\webroot\index.php(109): Dispatcher->dispatch(Object(CakeRequest), Object(CakeResponse))
#9 {main}
2015-02-07 15:42:03 Error: Fatal Error (64): Can't use method return value in write context in [C:\wamp\www\iskcon\legacy\app\View\Layouts\bootstrap.ctp, line 54]
2015-02-07 15:42:03 Error: [FatalErrorException] Can't use method return value in write context
Request URL: /iskcon/legacy/users/login
Stack Trace:
#0 C:\wamp\www\iskcon\legacy\lib\Cake\Error\ErrorHandler.php(203): ErrorHandler::handleFatalError(64, 'Can't use metho...', 'C:\wamp\www\isk...', 54)
#1 [internal function]: ErrorHandler::handleError(64, 'Can't use metho...', 'C:\wamp\www\isk...', 54, Array)
#2 C:\wamp\www\iskcon\legacy\lib\Cake\Core\App.php(931): call_user_func('ErrorHandler::h...', 64, 'Can't use metho...', 'C:\wamp\www\isk...', 54, Array)
#3 C:\wamp\www\iskcon\legacy\lib\Cake\Core\App.php(904): App::_checkFatalError()
#4 [internal function]: App::shutdown()
#5 {main}
2015-02-07 16:13:11 Error: [CakeException] Authentication adapter "Simple" was not found.
Request URL: /iskcon/legacy/users/login
Stack Trace:
#0 C:\wamp\www\iskcon\legacy\lib\Cake\Controller\Component\AuthComponent.php(685): AuthComponent->constructAuthenticate()
#1 C:\wamp\www\iskcon\legacy\lib\Cake\Controller\Component\AuthComponent.php(304): AuthComponent->_getUser()
#2 [internal function]: AuthComponent->startup(Object(UsersController))
#3 C:\wamp\www\iskcon\legacy\lib\Cake\Utility\ObjectCollection.php(128): call_user_func_array(Array, Array)
#4 [internal function]: ObjectCollection->trigger(Object(CakeEvent))
#5 C:\wamp\www\iskcon\legacy\lib\Cake\Event\CakeEventManager.php(243): call_user_func(Array, Object(CakeEvent))
#6 C:\wamp\www\iskcon\legacy\lib\Cake\Controller\Controller.php(677): CakeEventManager->dispatch(Object(CakeEvent))
#7 C:\wamp\www\iskcon\legacy\lib\Cake\Routing\Dispatcher.php(189): Controller->startupProcess()
#8 C:\wamp\www\iskcon\legacy\lib\Cake\Routing\Dispatcher.php(167): Dispatcher->_invoke(Object(UsersController), Object(CakeRequest))
#9 C:\wamp\www\iskcon\legacy\app\webroot\index.php(109): Dispatcher->dispatch(Object(CakeRequest), Object(CakeResponse))
#10 {main}
2015-02-07 16:15:28 Error: [CakeException] Authentication adapter "Simple" was not found.
Request URL: /iskcon/legacy/users/login
Stack Trace:
#0 C:\wamp\www\iskcon\legacy\lib\Cake\Controller\Component\AuthComponent.php(685): AuthComponent->constructAuthenticate()
#1 C:\wamp\www\iskcon\legacy\lib\Cake\Controller\Component\AuthComponent.php(304): AuthComponent->_getUser()
#2 [internal function]: AuthComponent->startup(Object(UsersController))
#3 C:\wamp\www\iskcon\legacy\lib\Cake\Utility\ObjectCollection.php(128): call_user_func_array(Array, Array)
#4 [internal function]: ObjectCollection->trigger(Object(CakeEvent))
#5 C:\wamp\www\iskcon\legacy\lib\Cake\Event\CakeEventManager.php(243): call_user_func(Array, Object(CakeEvent))
#6 C:\wamp\www\iskcon\legacy\lib\Cake\Controller\Controller.php(677): CakeEventManager->dispatch(Object(CakeEvent))
#7 C:\wamp\www\iskcon\legacy\lib\Cake\Routing\Dispatcher.php(189): Controller->startupProcess()
#8 C:\wamp\www\iskcon\legacy\lib\Cake\Routing\Dispatcher.php(167): Dispatcher->_invoke(Object(UsersController), Object(CakeRequest))
#9 C:\wamp\www\iskcon\legacy\app\webroot\index.php(109): Dispatcher->dispatch(Object(CakeRequest), Object(CakeResponse))
#10 {main}
2015-02-07 16:27:22 Error: [CakeException] Authentication adapter "Simple" was not found.
Request URL: /iskcon/legacy/users/login
Stack Trace:
#0 C:\wamp\www\iskcon\legacy\lib\Cake\Controller\Component\AuthComponent.php(685): AuthComponent->constructAuthenticate()
#1 C:\wamp\www\iskcon\legacy\lib\Cake\Controller\Component\AuthComponent.php(304): AuthComponent->_getUser()
#2 [internal function]: AuthComponent->startup(Object(UsersController))
#3 C:\wamp\www\iskcon\legacy\lib\Cake\Utility\ObjectCollection.php(128): call_user_func_array(Array, Array)
#4 [internal function]: ObjectCollection->trigger(Object(CakeEvent))
#5 C:\wamp\www\iskcon\legacy\lib\Cake\Event\CakeEventManager.php(243): call_user_func(Array, Object(CakeEvent))
#6 C:\wamp\www\iskcon\legacy\lib\Cake\Controller\Controller.php(677): CakeEventManager->dispatch(Object(CakeEvent))
#7 C:\wamp\www\iskcon\legacy\lib\Cake\Routing\Dispatcher.php(189): Controller->startupProcess()
#8 C:\wamp\www\iskcon\legacy\lib\Cake\Routing\Dispatcher.php(167): Dispatcher->_invoke(Object(UsersController), Object(CakeRequest))
#9 C:\wamp\www\iskcon\legacy\app\webroot\index.php(109): Dispatcher->dispatch(Object(CakeRequest), Object(CakeResponse))
#10 {main}
2015-02-07 16:29:40 Error: [CakeException] Authentication adapter "Simple" was not found.
Request URL: /iskcon/legacy/users/login
Stack Trace:
#0 C:\wamp\www\iskcon\legacy\lib\Cake\Controller\Component\AuthComponent.php(685): AuthComponent->constructAuthenticate()
#1 C:\wamp\www\iskcon\legacy\lib\Cake\Controller\Component\AuthComponent.php(304): AuthComponent->_getUser()
#2 [internal function]: AuthComponent->startup(Object(UsersController))
#3 C:\wamp\www\iskcon\legacy\lib\Cake\Utility\ObjectCollection.php(128): call_user_func_array(Array, Array)
#4 [internal function]: ObjectCollection->trigger(Object(CakeEvent))
#5 C:\wamp\www\iskcon\legacy\lib\Cake\Event\CakeEventManager.php(243): call_user_func(Array, Object(CakeEvent))
#6 C:\wamp\www\iskcon\legacy\lib\Cake\Controller\Controller.php(677): CakeEventManager->dispatch(Object(CakeEvent))
#7 C:\wamp\www\iskcon\legacy\lib\Cake\Routing\Dispatcher.php(189): Controller->startupProcess()
#8 C:\wamp\www\iskcon\legacy\lib\Cake\Routing\Dispatcher.php(167): Dispatcher->_invoke(Object(UsersController), Object(CakeRequest))
#9 C:\wamp\www\iskcon\legacy\app\webroot\index.php(109): Dispatcher->dispatch(Object(CakeRequest), Object(CakeResponse))
#10 {main}
2015-02-07 16:35:06 Error: Fatal Error (4): syntax error, unexpected ';', expecting ')' in [C:\wamp\www\iskcon\legacy\app\Controller\UsersController.php, line 31]
2015-02-07 16:35:06 Error: [FatalErrorException] syntax error, unexpected ';', expecting ')'
Request URL: /iskcon/legacy/users/login
Stack Trace:
#0 C:\wamp\www\iskcon\legacy\lib\Cake\Error\ErrorHandler.php(203): ErrorHandler::handleFatalError(4, 'syntax error, u...', 'C:\wamp\www\isk...', 31)
#1 [internal function]: ErrorHandler::handleError(4, 'syntax error, u...', 'C:\wamp\www\isk...', 31, Array)
#2 C:\wamp\www\iskcon\legacy\lib\Cake\Core\App.php(931): call_user_func('ErrorHandler::h...', 4, 'syntax error, u...', 'C:\wamp\www\isk...', 31, Array)
#3 C:\wamp\www\iskcon\legacy\lib\Cake\Core\App.php(904): App::_checkFatalError()
#4 [internal function]: App::shutdown()
#5 {main}
2015-02-07 17:01:48 Error: [MissingActionException] Action UsersController::view() could not be found.
Exception Attributes: array (
  'controller' => 'UsersController',
  'action' => 'view',
)
Request URL: /iskcon/legacy/users/view/1
Stack Trace:
#0 C:\wamp\www\iskcon\legacy\lib\Cake\Routing\Dispatcher.php(193): Controller->invokeAction(Object(CakeRequest))
#1 C:\wamp\www\iskcon\legacy\lib\Cake\Routing\Dispatcher.php(167): Dispatcher->_invoke(Object(UsersController), Object(CakeRequest))
#2 C:\wamp\www\iskcon\legacy\app\webroot\index.php(109): Dispatcher->dispatch(Object(CakeRequest), Object(CakeResponse))
#3 {main}
2015-02-07 17:03:34 Error: Fatal Error (1): Call to undefined method UsersController::Auth() in [C:\wamp\www\iskcon\legacy\app\Controller\UsersController.php, line 39]
2015-02-07 17:03:34 Error: [FatalErrorException] Call to undefined method UsersController::Auth()
Request URL: /iskcon/legacy/users
Stack Trace:
#0 C:\wamp\www\iskcon\legacy\lib\Cake\Error\ErrorHandler.php(203): ErrorHandler::handleFatalError(1, 'Call to undefin...', 'C:\wamp\www\isk...', 39)
#1 [internal function]: ErrorHandler::handleError(1, 'Call to undefin...', 'C:\wamp\www\isk...', 39, Array)
#2 C:\wamp\www\iskcon\legacy\lib\Cake\Core\App.php(931): call_user_func('ErrorHandler::h...', 1, 'Call to undefin...', 'C:\wamp\www\isk...', 39, Array)
#3 C:\wamp\www\iskcon\legacy\lib\Cake\Core\App.php(904): App::_checkFatalError()
#4 [internal function]: App::shutdown()
#5 {main}
2015-02-08 12:32:12 Error: [MissingControllerException] Controller class AdminController could not be found.
Exception Attributes: array (
  'class' => 'AdminController',
  'plugin' => NULL,
)
Request URL: /iskcon/legacy/admin/users/login
Stack Trace:
#0 C:\wamp\www\iskcon\legacy\app\webroot\index.php(109): Dispatcher->dispatch(Object(CakeRequest), Object(CakeResponse))
#1 {main}
2015-02-08 12:32:22 Error: [MissingActionException] Action UsersController::admin() could not be found.
Exception Attributes: array (
  'controller' => 'UsersController',
  'action' => 'admin',
)
Request URL: /iskcon/legacy/users/admin/login
Stack Trace:
#0 C:\wamp\www\iskcon\legacy\lib\Cake\Routing\Dispatcher.php(193): Controller->invokeAction(Object(CakeRequest))
#1 C:\wamp\www\iskcon\legacy\lib\Cake\Routing\Dispatcher.php(167): Dispatcher->_invoke(Object(UsersController), Object(CakeRequest))
#2 C:\wamp\www\iskcon\legacy\app\webroot\index.php(109): Dispatcher->dispatch(Object(CakeRequest), Object(CakeResponse))
#3 {main}
2015-02-08 12:33:35 Error: [MissingViewException] View file "Users\admin_login.ctp" is missing.
Exception Attributes: array (
  'file' => 'Users\\admin_login.ctp',
)
Request URL: /iskcon/legacy/admin/users/login
Stack Trace:
#0 C:\wamp\www\iskcon\legacy\lib\Cake\View\View.php(470): View->_getViewFileName(NULL)
#1 C:\wamp\www\iskcon\legacy\lib\Cake\Controller\Controller.php(959): View->render(NULL, NULL)
#2 C:\wamp\www\iskcon\legacy\lib\Cake\Routing\Dispatcher.php(200): Controller->render()
#3 C:\wamp\www\iskcon\legacy\lib\Cake\Routing\Dispatcher.php(167): Dispatcher->_invoke(Object(UsersController), Object(CakeRequest))
#4 C:\wamp\www\iskcon\legacy\app\webroot\index.php(109): Dispatcher->dispatch(Object(CakeRequest), Object(CakeResponse))
#5 {main}
2015-02-08 12:34:37 Error: [MissingActionException] Action UsersController::admin_register() could not be found.
Exception Attributes: array (
  'controller' => 'UsersController',
  'action' => 'admin_register',
)
Request URL: /iskcon/legacy/admin/users/register
Stack Trace:
#0 C:\wamp\www\iskcon\legacy\lib\Cake\Routing\Dispatcher.php(193): Controller->invokeAction(Object(CakeRequest))
#1 C:\wamp\www\iskcon\legacy\lib\Cake\Routing\Dispatcher.php(167): Dispatcher->_invoke(Object(UsersController), Object(CakeRequest))
#2 C:\wamp\www\iskcon\legacy\app\webroot\index.php(109): Dispatcher->dispatch(Object(CakeRequest), Object(CakeResponse))
#3 {main}
2015-02-08 12:34:51 Error: [MissingActionException] Action UsersController::admin_login() could not be found.
Exception Attributes: array (
  'controller' => 'UsersController',
  'action' => 'admin_login',
)
Request URL: /iskcon/legacy/admin/users/login
Stack Trace:
#0 C:\wamp\www\iskcon\legacy\lib\Cake\Routing\Dispatcher.php(193): Controller->invokeAction(Object(CakeRequest))
#1 C:\wamp\www\iskcon\legacy\lib\Cake\Routing\Dispatcher.php(167): Dispatcher->_invoke(Object(UsersController), Object(CakeRequest))
#2 C:\wamp\www\iskcon\legacy\app\webroot\index.php(109): Dispatcher->dispatch(Object(CakeRequest), Object(CakeResponse))
#3 {main}
2015-02-08 12:34:58 Error: [MissingActionException] Action UsersController::admin_login() could not be found.
Exception Attributes: array (
  'controller' => 'UsersController',
  'action' => 'admin_login',
)
Request URL: /iskcon/legacy/admin/users/login
Stack Trace:
#0 C:\wamp\www\iskcon\legacy\lib\Cake\Routing\Dispatcher.php(193): Controller->invokeAction(Object(CakeRequest))
#1 C:\wamp\www\iskcon\legacy\lib\Cake\Routing\Dispatcher.php(167): Dispatcher->_invoke(Object(UsersController), Object(CakeRequest))
#2 C:\wamp\www\iskcon\legacy\app\webroot\index.php(109): Dispatcher->dispatch(Object(CakeRequest), Object(CakeResponse))
#3 {main}
2015-02-08 12:35:04 Error: [MissingViewException] View file "Users\admin_login.ctp" is missing.
Exception Attributes: array (
  'file' => 'Users\\admin_login.ctp',
)
Request URL: /iskcon/legacy/admin/users/login
Stack Trace:
#0 C:\wamp\www\iskcon\legacy\lib\Cake\View\View.php(470): View->_getViewFileName(NULL)
#1 C:\wamp\www\iskcon\legacy\lib\Cake\Controller\Controller.php(959): View->render(NULL, NULL)
#2 C:\wamp\www\iskcon\legacy\lib\Cake\Routing\Dispatcher.php(200): Controller->render()
#3 C:\wamp\www\iskcon\legacy\lib\Cake\Routing\Dispatcher.php(167): Dispatcher->_invoke(Object(UsersController), Object(CakeRequest))
#4 C:\wamp\www\iskcon\legacy\app\webroot\index.php(109): Dispatcher->dispatch(Object(CakeRequest), Object(CakeResponse))
#5 {main}
2015-02-08 12:35:23 Error: [MissingActionException] Action UsersController::admin_login() could not be found.
Exception Attributes: array (
  'controller' => 'UsersController',
  'action' => 'admin_login',
)
Request URL: /iskcon/legacy/admin/users/login
Stack Trace:
#0 C:\wamp\www\iskcon\legacy\lib\Cake\Routing\Dispatcher.php(193): Controller->invokeAction(Object(CakeRequest))
#1 C:\wamp\www\iskcon\legacy\lib\Cake\Routing\Dispatcher.php(167): Dispatcher->_invoke(Object(UsersController), Object(CakeRequest))
#2 C:\wamp\www\iskcon\legacy\app\webroot\index.php(109): Dispatcher->dispatch(Object(CakeRequest), Object(CakeResponse))
#3 {main}
2015-02-08 12:39:06 Error: [MissingViewException] View file "Users\admin_login.ctp" is missing.
Exception Attributes: array (
  'file' => 'Users\\admin_login.ctp',
)
Request URL: /iskcon/legacy/admin/users/login
Stack Trace:
#0 C:\wamp\www\iskcon\legacy\lib\Cake\View\View.php(470): View->_getViewFileName(NULL)
#1 C:\wamp\www\iskcon\legacy\lib\Cake\Controller\Controller.php(959): View->render(NULL, NULL)
#2 C:\wamp\www\iskcon\legacy\lib\Cake\Routing\Dispatcher.php(200): Controller->render()
#3 C:\wamp\www\iskcon\legacy\lib\Cake\Routing\Dispatcher.php(167): Dispatcher->_invoke(Object(UsersController), Object(CakeRequest))
#4 C:\wamp\www\iskcon\legacy\app\webroot\index.php(109): Dispatcher->dispatch(Object(CakeRequest), Object(CakeResponse))
#5 {main}
2015-02-08 12:39:27 Error: [MissingActionException] Action UsersController::admin_register() could not be found.
Exception Attributes: array (
  'controller' => 'UsersController',
  'action' => 'admin_register',
)
Request URL: /iskcon/legacy/admin/users/register
Stack Trace:
#0 C:\wamp\www\iskcon\legacy\lib\Cake\Routing\Dispatcher.php(193): Controller->invokeAction(Object(CakeRequest))
#1 C:\wamp\www\iskcon\legacy\lib\Cake\Routing\Dispatcher.php(167): Dispatcher->_invoke(Object(UsersController), Object(CakeRequest))
#2 C:\wamp\www\iskcon\legacy\app\webroot\index.php(109): Dispatcher->dispatch(Object(CakeRequest), Object(CakeResponse))
#3 {main}
2015-02-08 12:39:51 Error: [MissingActionException] Action UsersController::admin_index() could not be found.
Exception Attributes: array (
  'controller' => 'UsersController',
  'action' => 'admin_index',
)
Request URL: /iskcon/legacy/admin/users
Stack Trace:
#0 C:\wamp\www\iskcon\legacy\lib\Cake\Routing\Dispatcher.php(193): Controller->invokeAction(Object(CakeRequest))
#1 C:\wamp\www\iskcon\legacy\lib\Cake\Routing\Dispatcher.php(167): Dispatcher->_invoke(Object(UsersController), Object(CakeRequest))
#2 C:\wamp\www\iskcon\legacy\app\webroot\index.php(109): Dispatcher->dispatch(Object(CakeRequest), Object(CakeResponse))
#3 {main}
2015-02-08 12:40:36 Error: [MissingActionException] Action UsersController::admin_index() could not be found.
Exception Attributes: array (
  'controller' => 'UsersController',
  'action' => 'admin_index',
)
Request URL: /iskcon/legacy/admin/users
Stack Trace:
#0 C:\wamp\www\iskcon\legacy\lib\Cake\Routing\Dispatcher.php(193): Controller->invokeAction(Object(CakeRequest))
#1 C:\wamp\www\iskcon\legacy\lib\Cake\Routing\Dispatcher.php(167): Dispatcher->_invoke(Object(UsersController), Object(CakeRequest))
#2 C:\wamp\www\iskcon\legacy\app\webroot\index.php(109): Dispatcher->dispatch(Object(CakeRequest), Object(CakeResponse))
#3 {main}
2015-02-08 15:46:21 Error: [MissingActionException] Action UsersController::admin_generateCode() could not be found.
Exception Attributes: array (
  'controller' => 'UsersController',
  'action' => 'admin_generateCode',
)
Request URL: /iskcon/legacy/admin/users/generateCode
Stack Trace:
#0 C:\wamp\www\iskcon\legacy\lib\Cake\Routing\Dispatcher.php(193): Controller->invokeAction(Object(CakeRequest))
#1 C:\wamp\www\iskcon\legacy\lib\Cake\Routing\Dispatcher.php(167): Dispatcher->_invoke(Object(UsersController), Object(CakeRequest))
#2 C:\wamp\www\iskcon\legacy\app\webroot\index.php(109): Dispatcher->dispatch(Object(CakeRequest), Object(CakeResponse))
#3 {main}
2015-02-08 15:46:32 Error: [MissingActionException] Action UsersController::admin_login() could not be found.
Exception Attributes: array (
  'controller' => 'UsersController',
  'action' => 'admin_login',
)
Request URL: /iskcon/legacy/admin/users/login
Stack Trace:
#0 C:\wamp\www\iskcon\legacy\lib\Cake\Routing\Dispatcher.php(193): Controller->invokeAction(Object(CakeRequest))
#1 C:\wamp\www\iskcon\legacy\lib\Cake\Routing\Dispatcher.php(167): Dispatcher->_invoke(Object(UsersController), Object(CakeRequest))
#2 C:\wamp\www\iskcon\legacy\app\webroot\index.php(109): Dispatcher->dispatch(Object(CakeRequest), Object(CakeResponse))
#3 {main}
2015-02-08 15:47:37 Error: [MissingControllerException] Controller class IskconController could not be found.
Exception Attributes: array (
  'class' => 'IskconController',
  'plugin' => NULL,
)
Request URL: /iskcon/legacy/iskcon/legacy/admin/users
Stack Trace:
#0 C:\wamp\www\iskcon\legacy\app\webroot\index.php(109): Dispatcher->dispatch(Object(CakeRequest), Object(CakeResponse))
#1 {main}
2015-02-08 15:48:05 Error: [MissingControllerException] Controller class IskconController could not be found.
Exception Attributes: array (
  'class' => 'IskconController',
  'plugin' => NULL,
)
Request URL: /iskcon/legacy/iskcon/legacy/admin/users
Stack Trace:
#0 C:\wamp\www\iskcon\legacy\app\webroot\index.php(109): Dispatcher->dispatch(Object(CakeRequest), Object(CakeResponse))
#1 {main}
2015-02-08 15:48:30 Error: [MissingControllerException] Controller class IskconController could not be found.
Exception Attributes: array (
  'class' => 'IskconController',
  'plugin' => NULL,
)
Request URL: /iskcon/legacy/iskcon/legacy/admin/users
Stack Trace:
#0 C:\wamp\www\iskcon\legacy\app\webroot\index.php(109): Dispatcher->dispatch(Object(CakeRequest), Object(CakeResponse))
#1 {main}
2015-02-08 15:49:34 Error: [MissingControllerException] Controller class IskconController could not be found.
Exception Attributes: array (
  'class' => 'IskconController',
  'plugin' => NULL,
)
Request URL: /iskcon/legacy/iskcon/legacy/admin/users
Stack Trace:
#0 C:\wamp\www\iskcon\legacy\app\webroot\index.php(109): Dispatcher->dispatch(Object(CakeRequest), Object(CakeResponse))
#1 {main}
2015-02-08 15:50:11 Error: [MissingViewException] View file "Users\admin_login.ctp" is missing.
Exception Attributes: array (
  'file' => 'Users\\admin_login.ctp',
)
Request URL: /iskcon/legacy/admin/users/login/
Stack Trace:
#0 C:\wamp\www\iskcon\legacy\lib\Cake\View\View.php(470): View->_getViewFileName(NULL)
#1 C:\wamp\www\iskcon\legacy\lib\Cake\Controller\Controller.php(959): View->render(NULL, NULL)
#2 C:\wamp\www\iskcon\legacy\lib\Cake\Routing\Dispatcher.php(200): Controller->render()
#3 C:\wamp\www\iskcon\legacy\lib\Cake\Routing\Dispatcher.php(167): Dispatcher->_invoke(Object(UsersController), Object(CakeRequest))
#4 C:\wamp\www\iskcon\legacy\app\webroot\index.php(109): Dispatcher->dispatch(Object(CakeRequest), Object(CakeResponse))
#5 {main}
2015-02-08 15:50:40 Error: [MissingActionException] Action UsersController::admin_index() could not be found.
Exception Attributes: array (
  'controller' => 'UsersController',
  'action' => 'admin_index',
)
Request URL: /iskcon/legacy/admin/users
Stack Trace:
#0 C:\wamp\www\iskcon\legacy\lib\Cake\Routing\Dispatcher.php(193): Controller->invokeAction(Object(CakeRequest))
#1 C:\wamp\www\iskcon\legacy\lib\Cake\Routing\Dispatcher.php(167): Dispatcher->_invoke(Object(UsersController), Object(CakeRequest))
#2 C:\wamp\www\iskcon\legacy\app\webroot\index.php(109): Dispatcher->dispatch(Object(CakeRequest), Object(CakeResponse))
#3 {main}
2015-02-08 15:50:48 Error: [MissingControllerException] Controller class IskconController could not be found.
Exception Attributes: array (
  'class' => 'IskconController',
  'plugin' => NULL,
)
Request URL: /iskcon/legacy/iskcon/legacy/admin/users
Stack Trace:
#0 C:\wamp\www\iskcon\legacy\app\webroot\index.php(109): Dispatcher->dispatch(Object(CakeRequest), Object(CakeResponse))
#1 {main}
2015-02-08 15:51:16 Error: [MissingControllerException] Controller class IskconController could not be found.
Exception Attributes: array (
  'class' => 'IskconController',
  'plugin' => NULL,
)
Request URL: /iskcon/legacy/iskcon/legacy/admin/users
Stack Trace:
#0 C:\wamp\www\iskcon\legacy\app\webroot\index.php(109): Dispatcher->dispatch(Object(CakeRequest), Object(CakeResponse))
#1 {main}
2015-02-08 16:59:46 Error: [MissingActionException] Action UsersController::admin_admin() could not be found.
Exception Attributes: array (
  'controller' => 'UsersController',
  'action' => 'admin_admin',
)
Request URL: /iskcon/legacy/admin/users/admin/users/generate_code
Stack Trace:
#0 C:\wamp\www\iskcon\legacy\lib\Cake\Routing\Dispatcher.php(193): Controller->invokeAction(Object(CakeRequest))
#1 C:\wamp\www\iskcon\legacy\lib\Cake\Routing\Dispatcher.php(167): Dispatcher->_invoke(Object(UsersController), Object(CakeRequest))
#2 C:\wamp\www\iskcon\legacy\app\webroot\index.php(109): Dispatcher->dispatch(Object(CakeRequest), Object(CakeResponse))
#3 {main}
2015-02-08 17:00:49 Error: [MissingActionException] Action UsersController::admin_users() could not be found.
Exception Attributes: array (
  'controller' => 'UsersController',
  'action' => 'admin_users',
)
Request URL: /iskcon/legacy/admin/users/users/generate_code
Stack Trace:
#0 C:\wamp\www\iskcon\legacy\lib\Cake\Routing\Dispatcher.php(193): Controller->invokeAction(Object(CakeRequest))
#1 C:\wamp\www\iskcon\legacy\lib\Cake\Routing\Dispatcher.php(167): Dispatcher->_invoke(Object(UsersController), Object(CakeRequest))
#2 C:\wamp\www\iskcon\legacy\app\webroot\index.php(109): Dispatcher->dispatch(Object(CakeRequest), Object(CakeResponse))
#3 {main}
2015-02-08 17:01:11 Error: Fatal Error (1): Call to undefined function cvf_ps_generate_random_code() in [C:\wamp\www\iskcon\legacy\app\Controller\UsersController.php, line 59]
2015-02-08 17:01:11 Error: [FatalErrorException] Call to undefined function cvf_ps_generate_random_code()
Request URL: /iskcon/legacy/admin/users/generate_code
Stack Trace:
#0 C:\wamp\www\iskcon\legacy\lib\Cake\Error\ErrorHandler.php(203): ErrorHandler::handleFatalError(1, 'Call to undefin...', 'C:\wamp\www\isk...', 59)
#1 [internal function]: ErrorHandler::handleError(1, 'Call to undefin...', 'C:\wamp\www\isk...', 59, Array)
#2 C:\wamp\www\iskcon\legacy\lib\Cake\Core\App.php(931): call_user_func('ErrorHandler::h...', 1, 'Call to undefin...', 'C:\wamp\www\isk...', 59, Array)
#3 C:\wamp\www\iskcon\legacy\lib\Cake\Core\App.php(904): App::_checkFatalError()
#4 [internal function]: App::shutdown()
#5 {main}
2015-02-14 02:06:28 Error: [MissingActionException] Action UsersController::admin_register() could not be found.
Exception Attributes: array (
  'controller' => 'UsersController',
  'action' => 'admin_register',
)
Request URL: /iskcon/legacy/admin/users/register
Stack Trace:
#0 C:\wamp\www\iskcon\legacy\lib\Cake\Routing\Dispatcher.php(193): Controller->invokeAction(Object(CakeRequest))
#1 C:\wamp\www\iskcon\legacy\lib\Cake\Routing\Dispatcher.php(167): Dispatcher->_invoke(Object(UsersController), Object(CakeRequest))
#2 C:\wamp\www\iskcon\legacy\app\webroot\index.php(109): Dispatcher->dispatch(Object(CakeRequest), Object(CakeResponse))
#3 {main}
2015-02-14 04:04:32 Error: Fatal Error (4): syntax error, unexpected '}' in [C:\wamp\www\iskcon\legacy\app\Model\AppModel.php, line 28]
2015-02-14 04:04:32 Error: [FatalErrorException] syntax error, unexpected '}'
Request URL: /iskcon/legacy/users/register
Stack Trace:
#0 C:\wamp\www\iskcon\legacy\lib\Cake\Error\ErrorHandler.php(203): ErrorHandler::handleFatalError(4, 'syntax error, u...', 'C:\wamp\www\isk...', 28)
#1 [internal function]: ErrorHandler::handleError(4, 'syntax error, u...', 'C:\wamp\www\isk...', 28, Array)
#2 C:\wamp\www\iskcon\legacy\lib\Cake\Core\App.php(931): call_user_func('ErrorHandler::h...', 4, 'syntax error, u...', 'C:\wamp\www\isk...', 28, Array)
#3 C:\wamp\www\iskcon\legacy\lib\Cake\Core\App.php(904): App::_checkFatalError()
#4 [internal function]: App::shutdown()
#5 {main}
2015-02-14 04:47:15 Error: Fatal Error (1): Call to a member function setFlash() on a non-object in [C:\wamp\www\iskcon\legacy\app\Controller\UsersController.php, line 58]
2015-02-14 04:47:15 Error: [FatalErrorException] Call to a member function setFlash() on a non-object
Request URL: /iskcon/legacy/users/register
Stack Trace:
#0 C:\wamp\www\iskcon\legacy\lib\Cake\Error\ErrorHandler.php(203): ErrorHandler::handleFatalError(1, 'Call to a membe...', 'C:\wamp\www\isk...', 58)
#1 [internal function]: ErrorHandler::handleError(1, 'Call to a membe...', 'C:\wamp\www\isk...', 58, Array)
#2 C:\wamp\www\iskcon\legacy\lib\Cake\Core\App.php(931): call_user_func('ErrorHandler::h...', 1, 'Call to a membe...', 'C:\wamp\www\isk...', 58, Array)
#3 C:\wamp\www\iskcon\legacy\lib\Cake\Core\App.php(904): App::_checkFatalError()
#4 [internal function]: App::shutdown()
#5 {main}
2015-02-14 04:47:28 Error: Fatal Error (1): Call to a member function setFlash() on a non-object in [C:\wamp\www\iskcon\legacy\app\Controller\UsersController.php, line 58]
2015-02-14 04:47:28 Error: [FatalErrorException] Call to a member function setFlash() on a non-object
Request URL: /iskcon/legacy/users/register
Stack Trace:
#0 C:\wamp\www\iskcon\legacy\lib\Cake\Error\ErrorHandler.php(203): ErrorHandler::handleFatalError(1, 'Call to a membe...', 'C:\wamp\www\isk...', 58)
#1 [internal function]: ErrorHandler::handleError(1, 'Call to a membe...', 'C:\wamp\www\isk...', 58, Array)
#2 C:\wamp\www\iskcon\legacy\lib\Cake\Core\App.php(931): call_user_func('ErrorHandler::h...', 1, 'Call to a membe...', 'C:\wamp\www\isk...', 58, Array)
#3 C:\wamp\www\iskcon\legacy\lib\Cake\Core\App.php(904): App::_checkFatalError()
#4 [internal function]: App::shutdown()
#5 {main}
2015-02-14 04:47:59 Error: Fatal Error (1): Call to a member function setFlash() on a non-object in [C:\wamp\www\iskcon\legacy\app\Controller\UsersController.php, line 58]
2015-02-14 04:47:59 Error: [FatalErrorException] Call to a member function setFlash() on a non-object
Request URL: /iskcon/legacy/users/register
Stack Trace:
#0 C:\wamp\www\iskcon\legacy\lib\Cake\Error\ErrorHandler.php(203): ErrorHandler::handleFatalError(1, 'Call to a membe...', 'C:\wamp\www\isk...', 58)
#1 [internal function]: ErrorHandler::handleError(1, 'Call to a membe...', 'C:\wamp\www\isk...', 58, Array)
#2 C:\wamp\www\iskcon\legacy\lib\Cake\Core\App.php(931): call_user_func('ErrorHandler::h...', 1, 'Call to a membe...', 'C:\wamp\www\isk...', 58, Array)
#3 C:\wamp\www\iskcon\legacy\lib\Cake\Core\App.php(904): App::_checkFatalError()
#4 [internal function]: App::shutdown()
#5 {main}
2015-02-14 04:53:46 Error: Fatal Error (1): Class 'SELF' not found in [C:\wamp\www\iskcon\legacy\app\Controller\UsersController.php, line 61]
2015-02-14 04:53:46 Error: [FatalErrorException] Class 'SELF' not found
Request URL: /iskcon/legacy/users/register
Stack Trace:
#0 C:\wamp\www\iskcon\legacy\lib\Cake\Error\ErrorHandler.php(203): ErrorHandler::handleFatalError(1, 'Class 'SELF' no...', 'C:\wamp\www\isk...', 61)
#1 [internal function]: ErrorHandler::handleError(1, 'Class 'SELF' no...', 'C:\wamp\www\isk...', 61, Array)
#2 C:\wamp\www\iskcon\legacy\lib\Cake\Core\App.php(931): call_user_func('ErrorHandler::h...', 1, 'Class 'SELF' no...', 'C:\wamp\www\isk...', 61, Array)
#3 C:\wamp\www\iskcon\legacy\lib\Cake\Core\App.php(904): App::_checkFatalError()
#4 [internal function]: App::shutdown()
#5 {main}
2015-02-14 04:54:46 Error: Fatal Error (1): Class 'SELF' not found in [C:\wamp\www\iskcon\legacy\app\Controller\UsersController.php, line 61]
2015-02-14 04:54:46 Error: [FatalErrorException] Class 'SELF' not found
Request URL: /iskcon/legacy/users/register
Stack Trace:
#0 C:\wamp\www\iskcon\legacy\lib\Cake\Error\ErrorHandler.php(203): ErrorHandler::handleFatalError(1, 'Class 'SELF' no...', 'C:\wamp\www\isk...', 61)
#1 [internal function]: ErrorHandler::handleError(1, 'Class 'SELF' no...', 'C:\wamp\www\isk...', 61, Array)
#2 C:\wamp\www\iskcon\legacy\lib\Cake\Core\App.php(931): call_user_func('ErrorHandler::h...', 1, 'Class 'SELF' no...', 'C:\wamp\www\isk...', 61, Array)
#3 C:\wamp\www\iskcon\legacy\lib\Cake\Core\App.php(904): App::_checkFatalError()
#4 [internal function]: App::shutdown()
#5 {main}
2015-02-14 05:34:53 Error: Fatal Error (1): Call to a member function findCode() on a non-object in [C:\wamp\www\iskcon\legacy\app\Controller\UsersController.php, line 57]
2015-02-14 05:34:53 Error: [FatalErrorException] Call to a member function findCode() on a non-object
Request URL: /iskcon/legacy/users/register/PhftfikCbX
Stack Trace:
#0 C:\wamp\www\iskcon\legacy\lib\Cake\Error\ErrorHandler.php(203): ErrorHandler::handleFatalError(1, 'Call to a membe...', 'C:\wamp\www\isk...', 57)
#1 [internal function]: ErrorHandler::handleError(1, 'Call to a membe...', 'C:\wamp\www\isk...', 57, Array)
#2 C:\wamp\www\iskcon\legacy\lib\Cake\Core\App.php(931): call_user_func('ErrorHandler::h...', 1, 'Call to a membe...', 'C:\wamp\www\isk...', 57, Array)
#3 C:\wamp\www\iskcon\legacy\lib\Cake\Core\App.php(904): App::_checkFatalError()
#4 [internal function]: App::shutdown()
#5 {main}
2015-02-14 05:35:17 Error: Fatal Error (1): Call to a member function findCode() on a non-object in [C:\wamp\www\iskcon\legacy\app\Controller\UsersController.php, line 58]
2015-02-14 05:35:17 Error: [FatalErrorException] Call to a member function findCode() on a non-object
Request URL: /iskcon/legacy/users/register/PhftfikCbX
Stack Trace:
#0 C:\wamp\www\iskcon\legacy\lib\Cake\Error\ErrorHandler.php(203): ErrorHandler::handleFatalError(1, 'Call to a membe...', 'C:\wamp\www\isk...', 58)
#1 [internal function]: ErrorHandler::handleError(1, 'Call to a membe...', 'C:\wamp\www\isk...', 58, Array)
#2 C:\wamp\www\iskcon\legacy\lib\Cake\Core\App.php(931): call_user_func('ErrorHandler::h...', 1, 'Call to a membe...', 'C:\wamp\www\isk...', 58, Array)
#3 C:\wamp\www\iskcon\legacy\lib\Cake\Core\App.php(904): App::_checkFatalError()
#4 [internal function]: App::shutdown()
#5 {main}
2015-02-14 13:23:27 Error: [PDOException] SQLSTATE[42000]: Syntax error or access violation: 1064 You have an error in your SQL syntax; check the manual that corresponds to your MySQL server version for the right syntax to use near 'findAll' at line 1
Request URL: /iskcon/legacy/admin/users/list_verification_requests/
Stack Trace:
#0 C:\wamp\www\iskcon\legacy\lib\Cake\Model\Datasource\DboSource.php(460): PDOStatement->execute(Array)
#1 C:\wamp\www\iskcon\legacy\lib\Cake\Model\Datasource\DboSource.php(426): DboSource->_execute('findAll', Array)
#2 C:\wamp\www\iskcon\legacy\lib\Cake\Model\Datasource\DboSource.php(668): DboSource->execute('findAll', Array, Array)
#3 C:\wamp\www\iskcon\legacy\lib\Cake\Model\Datasource\DboSource.php(611): DboSource->fetchAll('findAll', Array, Array)
#4 C:\wamp\www\iskcon\legacy\lib\Cake\Model\Model.php(827): DboSource->query('findAll', Array, Object(User))
#5 C:\wamp\www\iskcon\legacy\app\Controller\UsersController.php(104): Model->__call('findAll', Array)
#6 C:\wamp\www\iskcon\legacy\app\Controller\UsersController.php(104): User->findAll(Array)
#7 [internal function]: UsersController->admin_list_verification_requests()
#8 C:\wamp\www\iskcon\legacy\lib\Cake\Controller\Controller.php(490): ReflectionMethod->invokeArgs(Object(UsersController), Array)
#9 C:\wamp\www\iskcon\legacy\lib\Cake\Routing\Dispatcher.php(193): Controller->invokeAction(Object(CakeRequest))
#10 C:\wamp\www\iskcon\legacy\lib\Cake\Routing\Dispatcher.php(167): Dispatcher->_invoke(Object(UsersController), Object(CakeRequest))
#11 C:\wamp\www\iskcon\legacy\app\webroot\index.php(109): Dispatcher->dispatch(Object(CakeRequest), Object(CakeResponse))
#12 {main}
2015-02-14 13:23:51 Error: [PDOException] SQLSTATE[42000]: Syntax error or access violation: 1064 You have an error in your SQL syntax; check the manual that corresponds to your MySQL server version for the right syntax to use near 'findAll' at line 1
Request URL: /iskcon/legacy/admin/users/list_verification_requests/
Stack Trace:
#0 C:\wamp\www\iskcon\legacy\lib\Cake\Model\Datasource\DboSource.php(460): PDOStatement->execute(Array)
#1 C:\wamp\www\iskcon\legacy\lib\Cake\Model\Datasource\DboSource.php(426): DboSource->_execute('findAll', Array)
#2 C:\wamp\www\iskcon\legacy\lib\Cake\Model\Datasource\DboSource.php(668): DboSource->execute('findAll', Array, Array)
#3 C:\wamp\www\iskcon\legacy\lib\Cake\Model\Datasource\DboSource.php(611): DboSource->fetchAll('findAll', Array, Array)
#4 C:\wamp\www\iskcon\legacy\lib\Cake\Model\Model.php(827): DboSource->query('findAll', Array, Object(User))
#5 C:\wamp\www\iskcon\legacy\app\Controller\UsersController.php(104): Model->__call('findAll', Array)
#6 C:\wamp\www\iskcon\legacy\app\Controller\UsersController.php(104): User->findAll(Array)
#7 [internal function]: UsersController->admin_list_verification_requests()
#8 C:\wamp\www\iskcon\legacy\lib\Cake\Controller\Controller.php(490): ReflectionMethod->invokeArgs(Object(UsersController), Array)
#9 C:\wamp\www\iskcon\legacy\lib\Cake\Routing\Dispatcher.php(193): Controller->invokeAction(Object(CakeRequest))
#10 C:\wamp\www\iskcon\legacy\lib\Cake\Routing\Dispatcher.php(167): Dispatcher->_invoke(Object(UsersController), Object(CakeRequest))
#11 C:\wamp\www\iskcon\legacy\app\webroot\index.php(109): Dispatcher->dispatch(Object(CakeRequest), Object(CakeResponse))
#12 {main}
2015-02-14 13:24:18 Error: [PDOException] SQLSTATE[42000]: Syntax error or access violation: 1064 You have an error in your SQL syntax; check the manual that corresponds to your MySQL server version for the right syntax to use near 'findAll' at line 1
Request URL: /iskcon/legacy/admin/users/list_verification_requests/
Stack Trace:
#0 C:\wamp\www\iskcon\legacy\lib\Cake\Model\Datasource\DboSource.php(460): PDOStatement->execute(Array)
#1 C:\wamp\www\iskcon\legacy\lib\Cake\Model\Datasource\DboSource.php(426): DboSource->_execute('findAll', Array)
#2 C:\wamp\www\iskcon\legacy\lib\Cake\Model\Datasource\DboSource.php(668): DboSource->execute('findAll', Array, Array)
#3 C:\wamp\www\iskcon\legacy\lib\Cake\Model\Datasource\DboSource.php(611): DboSource->fetchAll('findAll', Array, Array)
#4 C:\wamp\www\iskcon\legacy\lib\Cake\Model\Model.php(827): DboSource->query('findAll', Array, Object(User))
#5 C:\wamp\www\iskcon\legacy\app\Controller\UsersController.php(104): Model->__call('findAll', Array)
#6 C:\wamp\www\iskcon\legacy\app\Controller\UsersController.php(104): User->findAll(Array)
#7 [internal function]: UsersController->admin_list_verification_requests()
#8 C:\wamp\www\iskcon\legacy\lib\Cake\Controller\Controller.php(490): ReflectionMethod->invokeArgs(Object(UsersController), Array)
#9 C:\wamp\www\iskcon\legacy\lib\Cake\Routing\Dispatcher.php(193): Controller->invokeAction(Object(CakeRequest))
#10 C:\wamp\www\iskcon\legacy\lib\Cake\Routing\Dispatcher.php(167): Dispatcher->_invoke(Object(UsersController), Object(CakeRequest))
#11 C:\wamp\www\iskcon\legacy\app\webroot\index.php(109): Dispatcher->dispatch(Object(CakeRequest), Object(CakeResponse))
#12 {main}
2015-02-14 13:36:35 Error: [MissingActionException] Action UsersController::admin_register() could not be found.
Exception Attributes: array (
  'controller' => 'UsersController',
  'action' => 'admin_register',
)
Request URL: /iskcon/legacy/admin/users/register
Stack Trace:
#0 C:\wamp\www\iskcon\legacy\lib\Cake\Routing\Dispatcher.php(193): Controller->invokeAction(Object(CakeRequest))
#1 C:\wamp\www\iskcon\legacy\lib\Cake\Routing\Dispatcher.php(167): Dispatcher->_invoke(Object(UsersController), Object(CakeRequest))
#2 C:\wamp\www\iskcon\legacy\app\webroot\index.php(109): Dispatcher->dispatch(Object(CakeRequest), Object(CakeResponse))
#3 {main}
2015-02-14 14:06:46 Error: [MissingViewException] View file "Users\admin_list_verification_requests.ctp" is missing.
Exception Attributes: array (
  'file' => 'Users\\admin_list_verification_requests.ctp',
)
Request URL: /iskcon/legacy/admin/users/list_verification_requests/
Stack Trace:
#0 C:\wamp\www\iskcon\legacy\lib\Cake\View\View.php(470): View->_getViewFileName(NULL)
#1 C:\wamp\www\iskcon\legacy\lib\Cake\Controller\Controller.php(959): View->render(NULL, NULL)
#2 C:\wamp\www\iskcon\legacy\lib\Cake\Routing\Dispatcher.php(200): Controller->render()
#3 C:\wamp\www\iskcon\legacy\lib\Cake\Routing\Dispatcher.php(167): Dispatcher->_invoke(Object(UsersController), Object(CakeRequest))
#4 C:\wamp\www\iskcon\legacy\app\webroot\index.php(109): Dispatcher->dispatch(Object(CakeRequest), Object(CakeResponse))
#5 {main}
2015-02-14 14:33:36 Error: [MissingViewException] View file "Users\admin_verify_user.ctp" is missing.
Exception Attributes: array (
  'file' => 'Users\\admin_verify_user.ctp',
)
Request URL: /iskcon/legacy/admin/users/verify_user/3
Stack Trace:
#0 C:\wamp\www\iskcon\legacy\lib\Cake\View\View.php(470): View->_getViewFileName(NULL)
#1 C:\wamp\www\iskcon\legacy\lib\Cake\Controller\Controller.php(959): View->render(NULL, NULL)
#2 C:\wamp\www\iskcon\legacy\lib\Cake\Routing\Dispatcher.php(200): Controller->render()
#3 C:\wamp\www\iskcon\legacy\lib\Cake\Routing\Dispatcher.php(167): Dispatcher->_invoke(Object(UsersController), Object(CakeRequest))
#4 C:\wamp\www\iskcon\legacy\app\webroot\index.php(109): Dispatcher->dispatch(Object(CakeRequest), Object(CakeResponse))
#5 {main}
2015-02-14 14:34:16 Error: [MissingViewException] View file "Users\list_verification_requests.ctp" is missing.
Exception Attributes: array (
  'file' => 'Users\\list_verification_requests.ctp',
)
Request URL: /iskcon/legacy/admin/users/verify_user/3
Stack Trace:
#0 C:\wamp\www\iskcon\legacy\lib\Cake\View\View.php(470): View->_getViewFileName('list_verificati...')
#1 C:\wamp\www\iskcon\legacy\lib\Cake\Controller\Controller.php(959): View->render('list_verificati...', NULL)
#2 C:\wamp\www\iskcon\legacy\app\Controller\UsersController.php(138): Controller->render('list_verificati...')
#3 [internal function]: UsersController->admin_verify_user('3')
#4 C:\wamp\www\iskcon\legacy\lib\Cake\Controller\Controller.php(490): ReflectionMethod->invokeArgs(Object(UsersController), Array)
#5 C:\wamp\www\iskcon\legacy\lib\Cake\Routing\Dispatcher.php(193): Controller->invokeAction(Object(CakeRequest))
#6 C:\wamp\www\iskcon\legacy\lib\Cake\Routing\Dispatcher.php(167): Dispatcher->_invoke(Object(UsersController), Object(CakeRequest))
#7 C:\wamp\www\iskcon\legacy\app\webroot\index.php(109): Dispatcher->dispatch(Object(CakeRequest), Object(CakeResponse))
#8 {main}
2015-02-14 14:34:38 Error: [MissingViewException] View file "Users\list_verification_requests.ctp" is missing.
Exception Attributes: array (
  'file' => 'Users\\list_verification_requests.ctp',
)
Request URL: /iskcon/legacy/admin/users/verify_user/3
Stack Trace:
#0 C:\wamp\www\iskcon\legacy\lib\Cake\View\View.php(470): View->_getViewFileName('list_verificati...')
#1 C:\wamp\www\iskcon\legacy\lib\Cake\Controller\Controller.php(959): View->render('list_verificati...', NULL)
#2 C:\wamp\www\iskcon\legacy\app\Controller\UsersController.php(138): Controller->render('list_verificati...')
#3 [internal function]: UsersController->admin_verify_user('3')
#4 C:\wamp\www\iskcon\legacy\lib\Cake\Controller\Controller.php(490): ReflectionMethod->invokeArgs(Object(UsersController), Array)
#5 C:\wamp\www\iskcon\legacy\lib\Cake\Routing\Dispatcher.php(193): Controller->invokeAction(Object(CakeRequest))
#6 C:\wamp\www\iskcon\legacy\lib\Cake\Routing\Dispatcher.php(167): Dispatcher->_invoke(Object(UsersController), Object(CakeRequest))
#7 C:\wamp\www\iskcon\legacy\app\webroot\index.php(109): Dispatcher->dispatch(Object(CakeRequest), Object(CakeResponse))
#8 {main}
2015-02-14 14:35:08 Error: [MissingViewException] View file "Users\admin_list_verification_requests.ctp" is missing.
Exception Attributes: array (
  'file' => 'Users\\admin_list_verification_requests.ctp',
)
Request URL: /iskcon/legacy/admin/users/list_verification_requests
Stack Trace:
#0 C:\wamp\www\iskcon\legacy\lib\Cake\View\View.php(470): View->_getViewFileName(NULL)
#1 C:\wamp\www\iskcon\legacy\lib\Cake\Controller\Controller.php(959): View->render(NULL, NULL)
#2 C:\wamp\www\iskcon\legacy\lib\Cake\Routing\Dispatcher.php(200): Controller->render()
#3 C:\wamp\www\iskcon\legacy\lib\Cake\Routing\Dispatcher.php(167): Dispatcher->_invoke(Object(UsersController), Object(CakeRequest))
#4 C:\wamp\www\iskcon\legacy\app\webroot\index.php(109): Dispatcher->dispatch(Object(CakeRequest), Object(CakeResponse))
#5 {main}
2015-02-14 15:07:32 Error: [MissingViewException] View file "Users\admin_list_verification_requests.ctp" is missing.
Exception Attributes: array (
  'file' => 'Users\\admin_list_verification_requests.ctp',
)
Request URL: /iskcon/legacy/admin/users/list_verification_requests
Stack Trace:
#0 C:\wamp\www\iskcon\legacy\lib\Cake\View\View.php(470): View->_getViewFileName(NULL)
#1 C:\wamp\www\iskcon\legacy\lib\Cake\Controller\Controller.php(959): View->render(NULL, NULL)
#2 C:\wamp\www\iskcon\legacy\lib\Cake\Routing\Dispatcher.php(200): Controller->render()
#3 C:\wamp\www\iskcon\legacy\lib\Cake\Routing\Dispatcher.php(167): Dispatcher->_invoke(Object(UsersController), Object(CakeRequest))
#4 C:\wamp\www\iskcon\legacy\app\webroot\index.php(109): Dispatcher->dispatch(Object(CakeRequest), Object(CakeResponse))
#5 {main}
2015-02-14 15:07:44 Error: [MissingActionException] Action UsersController::admin_list_verification_request() could not be found.
Exception Attributes: array (
  'controller' => 'UsersController',
  'action' => 'admin_list_verification_request',
)
Request URL: /iskcon/legacy/admin/users/list_verification_request
Stack Trace:
#0 C:\wamp\www\iskcon\legacy\lib\Cake\Routing\Dispatcher.php(193): Controller->invokeAction(Object(CakeRequest))
#1 C:\wamp\www\iskcon\legacy\lib\Cake\Routing\Dispatcher.php(167): Dispatcher->_invoke(Object(UsersController), Object(CakeRequest))
#2 C:\wamp\www\iskcon\legacy\app\webroot\index.php(109): Dispatcher->dispatch(Object(CakeRequest), Object(CakeResponse))
#3 {main}
2015-02-14 15:07:49 Error: [MissingViewException] View file "Users\admin_list_verification_requests.ctp" is missing.
Exception Attributes: array (
  'file' => 'Users\\admin_list_verification_requests.ctp',
)
Request URL: /iskcon/legacy/admin/users/list_verification_requests/
Stack Trace:
#0 C:\wamp\www\iskcon\legacy\lib\Cake\View\View.php(470): View->_getViewFileName(NULL)
#1 C:\wamp\www\iskcon\legacy\lib\Cake\Controller\Controller.php(959): View->render(NULL, NULL)
#2 C:\wamp\www\iskcon\legacy\lib\Cake\Routing\Dispatcher.php(200): Controller->render()
#3 C:\wamp\www\iskcon\legacy\lib\Cake\Routing\Dispatcher.php(167): Dispatcher->_invoke(Object(UsersController), Object(CakeRequest))
#4 C:\wamp\www\iskcon\legacy\app\webroot\index.php(109): Dispatcher->dispatch(Object(CakeRequest), Object(CakeResponse))
#5 {main}
2015-02-14 16:14:16 Error: [SocketException] Unable to find the socket transport "ssl" - did you forget to enable it when you configured PHP?
Request URL: /iskcon/legacy/admin/users/verify_user/3
Stack Trace:
#0 C:\wamp\www\iskcon\legacy\lib\Cake\Network\Email\SmtpTransport.php(154): CakeSocket->connect()
#1 C:\wamp\www\iskcon\legacy\lib\Cake\Network\Email\SmtpTransport.php(95): SmtpTransport->_connect()
#2 C:\wamp\www\iskcon\legacy\lib\Cake\Network\Email\CakeEmail.php(1161): SmtpTransport->send(Object(CakeEmail))
#3 C:\wamp\www\iskcon\legacy\app\Controller\UsersController.php(126): CakeEmail->send()
#4 [internal function]: UsersController->admin_verify_user('3')
#5 C:\wamp\www\iskcon\legacy\lib\Cake\Controller\Controller.php(490): ReflectionMethod->invokeArgs(Object(UsersController), Array)
#6 C:\wamp\www\iskcon\legacy\lib\Cake\Routing\Dispatcher.php(193): Controller->invokeAction(Object(CakeRequest))
#7 C:\wamp\www\iskcon\legacy\lib\Cake\Routing\Dispatcher.php(167): Dispatcher->_invoke(Object(UsersController), Object(CakeRequest))
#8 C:\wamp\www\iskcon\legacy\app\webroot\index.php(109): Dispatcher->dispatch(Object(CakeRequest), Object(CakeResponse))
#9 {main}
2015-02-14 16:16:00 Error: [SocketException] SMTP server did not accept the password.
Request URL: /iskcon/legacy/admin/users/verify_user/3
Stack Trace:
#0 C:\wamp\www\iskcon\legacy\lib\Cake\Network\Email\SmtpTransport.php(96): SmtpTransport->_auth()
#1 C:\wamp\www\iskcon\legacy\lib\Cake\Network\Email\CakeEmail.php(1161): SmtpTransport->send(Object(CakeEmail))
#2 C:\wamp\www\iskcon\legacy\app\Controller\UsersController.php(126): CakeEmail->send()
#3 [internal function]: UsersController->admin_verify_user('3')
#4 C:\wamp\www\iskcon\legacy\lib\Cake\Controller\Controller.php(490): ReflectionMethod->invokeArgs(Object(UsersController), Array)
#5 C:\wamp\www\iskcon\legacy\lib\Cake\Routing\Dispatcher.php(193): Controller->invokeAction(Object(CakeRequest))
#6 C:\wamp\www\iskcon\legacy\lib\Cake\Routing\Dispatcher.php(167): Dispatcher->_invoke(Object(UsersController), Object(CakeRequest))
#7 C:\wamp\www\iskcon\legacy\app\webroot\index.php(109): Dispatcher->dispatch(Object(CakeRequest), Object(CakeResponse))
#8 {main}
2015-02-14 16:16:06 Error: [SocketException] SMTP server did not accept the password.
Request URL: /iskcon/legacy/admin/users/verify_user/3
Stack Trace:
#0 C:\wamp\www\iskcon\legacy\lib\Cake\Network\Email\SmtpTransport.php(96): SmtpTransport->_auth()
#1 C:\wamp\www\iskcon\legacy\lib\Cake\Network\Email\CakeEmail.php(1161): SmtpTransport->send(Object(CakeEmail))
#2 C:\wamp\www\iskcon\legacy\app\Controller\UsersController.php(126): CakeEmail->send()
#3 [internal function]: UsersController->admin_verify_user('3')
#4 C:\wamp\www\iskcon\legacy\lib\Cake\Controller\Controller.php(490): ReflectionMethod->invokeArgs(Object(UsersController), Array)
#5 C:\wamp\www\iskcon\legacy\lib\Cake\Routing\Dispatcher.php(193): Controller->invokeAction(Object(CakeRequest))
#6 C:\wamp\www\iskcon\legacy\lib\Cake\Routing\Dispatcher.php(167): Dispatcher->_invoke(Object(UsersController), Object(CakeRequest))
#7 C:\wamp\www\iskcon\legacy\app\webroot\index.php(109): Dispatcher->dispatch(Object(CakeRequest), Object(CakeResponse))
#8 {main}
2015-02-14 16:16:42 Error: [SocketException] SMTP server did not accept the password.
Request URL: /iskcon/legacy/admin/users/verify_user/3
Stack Trace:
#0 C:\wamp\www\iskcon\legacy\lib\Cake\Network\Email\SmtpTransport.php(96): SmtpTransport->_auth()
#1 C:\wamp\www\iskcon\legacy\lib\Cake\Network\Email\CakeEmail.php(1161): SmtpTransport->send(Object(CakeEmail))
#2 C:\wamp\www\iskcon\legacy\app\Controller\UsersController.php(126): CakeEmail->send()
#3 [internal function]: UsersController->admin_verify_user('3')
#4 C:\wamp\www\iskcon\legacy\lib\Cake\Controller\Controller.php(490): ReflectionMethod->invokeArgs(Object(UsersController), Array)
#5 C:\wamp\www\iskcon\legacy\lib\Cake\Routing\Dispatcher.php(193): Controller->invokeAction(Object(CakeRequest))
#6 C:\wamp\www\iskcon\legacy\lib\Cake\Routing\Dispatcher.php(167): Dispatcher->_invoke(Object(UsersController), Object(CakeRequest))
#7 C:\wamp\www\iskcon\legacy\app\webroot\index.php(109): Dispatcher->dispatch(Object(CakeRequest), Object(CakeResponse))
#8 {main}
2015-02-14 16:17:00 Error: [SocketException] SMTP server did not accept the password.
Request URL: /iskcon/legacy/admin/users/verify_user/3
Stack Trace:
#0 C:\wamp\www\iskcon\legacy\lib\Cake\Network\Email\SmtpTransport.php(96): SmtpTransport->_auth()
#1 C:\wamp\www\iskcon\legacy\lib\Cake\Network\Email\CakeEmail.php(1161): SmtpTransport->send(Object(CakeEmail))
#2 C:\wamp\www\iskcon\legacy\app\Controller\UsersController.php(126): CakeEmail->send()
#3 [internal function]: UsersController->admin_verify_user('3')
#4 C:\wamp\www\iskcon\legacy\lib\Cake\Controller\Controller.php(490): ReflectionMethod->invokeArgs(Object(UsersController), Array)
#5 C:\wamp\www\iskcon\legacy\lib\Cake\Routing\Dispatcher.php(193): Controller->invokeAction(Object(CakeRequest))
#6 C:\wamp\www\iskcon\legacy\lib\Cake\Routing\Dispatcher.php(167): Dispatcher->_invoke(Object(UsersController), Object(CakeRequest))
#7 C:\wamp\www\iskcon\legacy\app\webroot\index.php(109): Dispatcher->dispatch(Object(CakeRequest), Object(CakeResponse))
#8 {main}
2015-02-14 16:17:20 Error: [SocketException] SMTP server did not accept the password.
Request URL: /iskcon/legacy/admin/users/verify_user/3
Stack Trace:
#0 C:\wamp\www\iskcon\legacy\lib\Cake\Network\Email\SmtpTransport.php(96): SmtpTransport->_auth()
#1 C:\wamp\www\iskcon\legacy\lib\Cake\Network\Email\CakeEmail.php(1161): SmtpTransport->send(Object(CakeEmail))
#2 C:\wamp\www\iskcon\legacy\app\Controller\UsersController.php(126): CakeEmail->send()
#3 [internal function]: UsersController->admin_verify_user('3')
#4 C:\wamp\www\iskcon\legacy\lib\Cake\Controller\Controller.php(490): ReflectionMethod->invokeArgs(Object(UsersController), Array)
#5 C:\wamp\www\iskcon\legacy\lib\Cake\Routing\Dispatcher.php(193): Controller->invokeAction(Object(CakeRequest))
#6 C:\wamp\www\iskcon\legacy\lib\Cake\Routing\Dispatcher.php(167): Dispatcher->_invoke(Object(UsersController), Object(CakeRequest))
#7 C:\wamp\www\iskcon\legacy\app\webroot\index.php(109): Dispatcher->dispatch(Object(CakeRequest), Object(CakeResponse))
#8 {main}
2015-02-14 16:20:45 Error: [SocketException] SMTP server did not accept the password.
Request URL: /iskcon/legacy/admin/users/verify_user/3
Stack Trace:
#0 C:\wamp\www\iskcon\legacy\lib\Cake\Network\Email\SmtpTransport.php(96): SmtpTransport->_auth()
#1 C:\wamp\www\iskcon\legacy\lib\Cake\Network\Email\CakeEmail.php(1161): SmtpTransport->send(Object(CakeEmail))
#2 C:\wamp\www\iskcon\legacy\app\Controller\UsersController.php(126): CakeEmail->send()
#3 [internal function]: UsersController->admin_verify_user('3')
#4 C:\wamp\www\iskcon\legacy\lib\Cake\Controller\Controller.php(490): ReflectionMethod->invokeArgs(Object(UsersController), Array)
#5 C:\wamp\www\iskcon\legacy\lib\Cake\Routing\Dispatcher.php(193): Controller->invokeAction(Object(CakeRequest))
#6 C:\wamp\www\iskcon\legacy\lib\Cake\Routing\Dispatcher.php(167): Dispatcher->_invoke(Object(UsersController), Object(CakeRequest))
#7 C:\wamp\www\iskcon\legacy\app\webroot\index.php(109): Dispatcher->dispatch(Object(CakeRequest), Object(CakeResponse))
#8 {main}
2015-02-14 16:23:11 Error: [SocketException] mail(): Failed to connect to mailserver at &quot;localhost&quot; port 25, verify your &quot;SMTP&quot; and &quot;smtp_port&quot; setting in php.ini or use ini_set()
Request URL: /iskcon/legacy/admin/users/verify_user/3
Stack Trace:
#0 C:\wamp\www\iskcon\legacy\lib\Cake\Network\Email\MailTransport.php(51): MailTransport->_mail('bhupesh.gupta14...', 'Registration Ve...', '??', 'From: bhupesh.g...', NULL)
#1 C:\wamp\www\iskcon\legacy\lib\Cake\Network\Email\CakeEmail.php(1161): MailTransport->send(Object(CakeEmail))
#2 C:\wamp\www\iskcon\legacy\app\Controller\UsersController.php(126): CakeEmail->send()
#3 [internal function]: UsersController->admin_verify_user('3')
#4 C:\wamp\www\iskcon\legacy\lib\Cake\Controller\Controller.php(490): ReflectionMethod->invokeArgs(Object(UsersController), Array)
#5 C:\wamp\www\iskcon\legacy\lib\Cake\Routing\Dispatcher.php(193): Controller->invokeAction(Object(CakeRequest))
#6 C:\wamp\www\iskcon\legacy\lib\Cake\Routing\Dispatcher.php(167): Dispatcher->_invoke(Object(UsersController), Object(CakeRequest))
#7 C:\wamp\www\iskcon\legacy\app\webroot\index.php(109): Dispatcher->dispatch(Object(CakeRequest), Object(CakeResponse))
#8 {main}
2015-02-15 13:12:13 Error: [MissingActionException] Action UsersController::admin_login() could not be found.
Exception Attributes: array (
  'controller' => 'UsersController',
  'action' => 'admin_login',
)
Request URL: /iskcon/legacy/admin/users/login
Stack Trace:
#0 C:\wamp\www\iskcon\legacy\lib\Cake\Routing\Dispatcher.php(193): Controller->invokeAction(Object(CakeRequest))
#1 C:\wamp\www\iskcon\legacy\lib\Cake\Routing\Dispatcher.php(167): Dispatcher->_invoke(Object(UsersController), Object(CakeRequest))
#2 C:\wamp\www\iskcon\legacy\app\webroot\index.php(109): Dispatcher->dispatch(Object(CakeRequest), Object(CakeResponse))
#3 {main}
2015-02-15 13:42:58 Error: [NotFoundException] Invalid article
Request URL: /iskcon/legacy/users/register
Stack Trace:
#0 [internal function]: UsersController->register()
#1 C:\wamp\www\iskcon\legacy\lib\Cake\Controller\Controller.php(490): ReflectionMethod->invokeArgs(Object(UsersController), Array)
#2 C:\wamp\www\iskcon\legacy\lib\Cake\Routing\Dispatcher.php(193): Controller->invokeAction(Object(CakeRequest))
#3 C:\wamp\www\iskcon\legacy\lib\Cake\Routing\Dispatcher.php(167): Dispatcher->_invoke(Object(UsersController), Object(CakeRequest))
#4 C:\wamp\www\iskcon\legacy\app\webroot\index.php(109): Dispatcher->dispatch(Object(CakeRequest), Object(CakeResponse))
#5 {main}
2015-02-15 13:54:49 Error: [MissingActionException] Action UsersController::list_users() could not be found.
Exception Attributes: array (
  'controller' => 'UsersController',
  'action' => 'list_users',
)
Request URL: /iskcon/legacy/users/list_users
Stack Trace:
#0 C:\wamp\www\iskcon\legacy\lib\Cake\Routing\Dispatcher.php(193): Controller->invokeAction(Object(CakeRequest))
#1 C:\wamp\www\iskcon\legacy\lib\Cake\Routing\Dispatcher.php(167): Dispatcher->_invoke(Object(UsersController), Object(CakeRequest))
#2 C:\wamp\www\iskcon\legacy\app\webroot\index.php(109): Dispatcher->dispatch(Object(CakeRequest), Object(CakeResponse))
#3 {main}
